\BOOKMARK [0][-]{chapter.1}{1 Introduction}{}
\BOOKMARK [1][-]{section.1.1}{1.1 Expected Background Knowledge}{chapter.1}
\BOOKMARK [1][-]{section.1.2}{1.2 How to Use This Document}{chapter.1}
\BOOKMARK [1][-]{section.1.3}{1.3 BUENOS for teachers}{chapter.1}
\BOOKMARK [2][-]{subsection.1.3.1}{1.3.1 Preparing for BUENOS Course}{section.1.3}
\BOOKMARK [1][-]{section.1.4}{1.4 Exercises}{chapter.1}
\BOOKMARK [1][-]{section.1.5}{1.5 Contact Information}{chapter.1}
\BOOKMARK [0][-]{chapter.2}{2 Using Buenos}{}
\BOOKMARK [1][-]{section.2.1}{2.1 Installation and Requirements}{chapter.2}
\BOOKMARK [1][-]{section.2.2}{2.2 Compilation}{chapter.2}
\BOOKMARK [1][-]{section.2.3}{2.3 Booting the System}{chapter.2}
\BOOKMARK [1][-]{section.2.4}{2.4 Compiling Userland Programs}{chapter.2}
\BOOKMARK [1][-]{section.2.5}{2.5 Using the Makefiles}{chapter.2}
\BOOKMARK [2][-]{subsection.2.5.1}{2.5.1 System Makefile}{section.2.5}
\BOOKMARK [2][-]{subsection.2.5.2}{2.5.2 Userland Makefile}{section.2.5}
\BOOKMARK [1][-]{section.2.6}{2.6 Using Trivial Filesystem}{chapter.2}
\BOOKMARK [1][-]{section.2.7}{2.7 Starting Processes}{chapter.2}
\BOOKMARK [0][-]{chapter.3}{3 Kernel Overview}{}
\BOOKMARK [1][-]{section.3.1}{3.1 Directory Structure}{chapter.3}
\BOOKMARK [1][-]{section.3.2}{3.2 Kernel Architecture}{chapter.3}
\BOOKMARK [2][-]{subsection.3.2.1}{3.2.1 Threading}{section.3.2}
\BOOKMARK [2][-]{subsection.3.2.2}{3.2.2 Virtual Memory}{section.3.2}
\BOOKMARK [2][-]{subsection.3.2.3}{3.2.3 Support for Multiple Processors}{section.3.2}
\BOOKMARK [1][-]{section.3.3}{3.3 Kernel Programming}{chapter.3}
\BOOKMARK [2][-]{subsection.3.3.1}{3.3.1 Memory Usage}{section.3.3}
\BOOKMARK [2][-]{subsection.3.3.2}{3.3.2 Stacks and Contexts}{section.3.3}
\BOOKMARK [2][-]{subsection.3.3.3}{3.3.3 Library Functions}{section.3.3}
\BOOKMARK [2][-]{subsection.3.3.4}{3.3.4 Using a Console}{section.3.3}
\BOOKMARK [2][-]{subsection.3.3.5}{3.3.5 Busy Waiting}{section.3.3}
\BOOKMARK [2][-]{subsection.3.3.6}{3.3.6 Floating Point Numbers}{section.3.3}
\BOOKMARK [2][-]{subsection.3.3.7}{3.3.7 Naming Conventions}{section.3.3}
\BOOKMARK [2][-]{subsection.3.3.8}{3.3.8 Debug Printing}{section.3.3}
\BOOKMARK [2][-]{subsection.3.3.9}{3.3.9 C Calling Conventions}{section.3.3}
\BOOKMARK [2][-]{subsection.3.3.10}{3.3.10 Kernel Boot Arguments}{section.3.3}
\BOOKMARK [1][-]{subsection.3.3.10}{Exercises}{chapter.3}
\BOOKMARK [0][-]{chapter.4}{4 Threading and Scheduling}{}
\BOOKMARK [1][-]{section.4.1}{4.1 Threads}{chapter.4}
\BOOKMARK [2][-]{subsection.4.1.1}{4.1.1 Thread Table}{section.4.1}
\BOOKMARK [2][-]{subsection.4.1.2}{4.1.2 Thread Library}{section.4.1}
\BOOKMARK [1][-]{section.4.2}{4.2 Scheduler}{chapter.4}
\BOOKMARK [2][-]{subsection.4.2.1}{4.2.1 Idle thread}{section.4.2}
\BOOKMARK [1][-]{section.4.3}{4.3 Context Switch}{chapter.4}
\BOOKMARK [2][-]{subsection.4.3.1}{4.3.1 Interrupt Vectors}{section.4.3}
\BOOKMARK [2][-]{subsection.4.3.2}{4.3.2 Context Switching Code}{section.4.3}
\BOOKMARK [2][-]{subsection.4.3.3}{4.3.3 Thread Contexts}{section.4.3}
\BOOKMARK [1][-]{section.4.4}{4.4 Exception Processing in Kernel Mode}{chapter.4}
\BOOKMARK [1][-]{Item.30}{Exercises}{chapter.4}
\BOOKMARK [0][-]{chapter.5}{5 Synchronization Mechanisms}{}
\BOOKMARK [1][-]{section.5.1}{5.1 Spinlocks}{chapter.5}
\BOOKMARK [2][-]{subsection.5.1.1}{5.1.1 LL and SC Instructions}{section.5.1}
\BOOKMARK [2][-]{subsection.5.1.2}{5.1.2 Spinlock Implementation}{section.5.1}
\BOOKMARK [1][-]{section.5.2}{5.2 Sleep Queue}{chapter.5}
\BOOKMARK [2][-]{subsection.5.2.1}{5.2.1 Using the Sleep Queue}{section.5.2}
\BOOKMARK [2][-]{subsection.5.2.2}{5.2.2 How the Sleep Queue is Implemented}{section.5.2}
\BOOKMARK [1][-]{section.5.3}{5.3 Semaphores}{chapter.5}
\BOOKMARK [2][-]{subsection.5.3.1}{5.3.1 Semaphore Implementation}{section.5.3}
\BOOKMARK [1][-]{Item.76}{Exercises}{chapter.5}
\BOOKMARK [0][-]{chapter.6}{6 Userland Processes}{}
\BOOKMARK [1][-]{section.6.1}{6.1 Process Startup}{chapter.6}
\BOOKMARK [1][-]{section.6.2}{6.2 Userland Binary Format}{chapter.6}
\BOOKMARK [1][-]{section.6.3}{6.3 Exception Handling}{chapter.6}
\BOOKMARK [1][-]{section.6.4}{6.4 System Calls}{chapter.6}
\BOOKMARK [2][-]{subsection.6.4.1}{6.4.1 How System Calls Work}{section.6.4}
\BOOKMARK [2][-]{subsection.6.4.2}{6.4.2 System Calls in BUENOS}{section.6.4}
\BOOKMARK [1][-]{section*.47}{Exercises}{chapter.6}
\BOOKMARK [0][-]{chapter.7}{7 Virtual Memory}{}
\BOOKMARK [1][-]{section.7.1}{7.1 Hardware Support for Virtual Memory}{chapter.7}
\BOOKMARK [1][-]{section.7.2}{7.2 Virtual memory initialization}{chapter.7}
\BOOKMARK [1][-]{section.7.3}{7.3 Page Pool}{chapter.7}
\BOOKMARK [1][-]{section.7.4}{7.4 Pagetables and Memory Mapping}{chapter.7}
\BOOKMARK [1][-]{section.7.5}{7.5 TLB}{chapter.7}
\BOOKMARK [2][-]{subsection.7.5.1}{7.5.1 TLB dual entries and ASID in MIPS32 architectures}{section.7.5}
\BOOKMARK [2][-]{subsection.7.5.2}{7.5.2 TLB miss exception, Load reference}{section.7.5}
\BOOKMARK [2][-]{subsection.7.5.3}{7.5.3 TLB miss exception, Store reference}{section.7.5}
\BOOKMARK [2][-]{subsection.7.5.4}{7.5.4 TLB modified exception}{section.7.5}
\BOOKMARK [2][-]{subsection.7.5.5}{7.5.5 TLB wrapper functions in BUENOS}{section.7.5}
\BOOKMARK [1][-]{Item.156}{Exercises}{chapter.7}
\BOOKMARK [0][-]{chapter.8}{8 Filesystem}{}
\BOOKMARK [1][-]{section.8.1}{8.1 Filesystem Conventions}{chapter.8}
\BOOKMARK [1][-]{section.8.2}{8.2 Filesystem Layers}{chapter.8}
\BOOKMARK [1][-]{section.8.3}{8.3 Virtual Filesystem}{chapter.8}
\BOOKMARK [2][-]{subsection.8.3.1}{8.3.1 Return Values}{section.8.3}
\BOOKMARK [2][-]{subsection.8.3.2}{8.3.2 Limits}{section.8.3}
\BOOKMARK [2][-]{subsection.8.3.3}{8.3.3 Internal Data Structures}{section.8.3}
\BOOKMARK [2][-]{subsection.8.3.4}{8.3.4 VFS Operations}{section.8.3}
\BOOKMARK [2][-]{subsection.8.3.5}{8.3.5 File Operations}{section.8.3}
\BOOKMARK [2][-]{subsection.8.3.6}{8.3.6 Filesystem Operations}{section.8.3}
\BOOKMARK [2][-]{subsection.8.3.7}{8.3.7 Filesystem Driver Interface}{section.8.3}
\BOOKMARK [1][-]{section.8.4}{8.4 Trivial Filesystem}{chapter.8}
\BOOKMARK [2][-]{subsection.8.4.1}{8.4.1 TFS Driver Module}{section.8.4}
\BOOKMARK [1][-]{Item.337}{Exercises}{chapter.8}
\BOOKMARK [0][-]{chapter.9}{9 Networking}{}
\BOOKMARK [1][-]{section.9.1}{9.1 Network Services}{chapter.9}
\BOOKMARK [1][-]{section.9.2}{9.2 Packet Oriented Transport Protocol}{chapter.9}
\BOOKMARK [2][-]{subsection.9.2.1}{9.2.1 Sockets}{section.9.2}
\BOOKMARK [2][-]{subsection.9.2.2}{9.2.2 POP-Specific Structures and Functions}{section.9.2}
\BOOKMARK [1][-]{section.9.3}{9.3 Stream Oriented Protocol API}{chapter.9}
\BOOKMARK [1][-]{section*.121}{Exercises}{chapter.9}
\BOOKMARK [0][-]{chapter.10}{10 Device Drivers}{}
\BOOKMARK [1][-]{section.10.1}{10.1 Interrupt Handlers}{chapter.10}
\BOOKMARK [1][-]{section.10.2}{10.2 Device Abstraction Layers}{chapter.10}
\BOOKMARK [2][-]{subsection.10.2.1}{10.2.1 Device Driver Implementor's Checklist}{section.10.2}
\BOOKMARK [2][-]{subsection.10.2.2}{10.2.2 Device Driver Interface}{section.10.2}
\BOOKMARK [2][-]{subsection.10.2.3}{10.2.3 Generic Character Device}{section.10.2}
\BOOKMARK [2][-]{subsection.10.2.4}{10.2.4 Generic Block Device}{section.10.2}
\BOOKMARK [2][-]{subsection.10.2.5}{10.2.5 Generic Network Device}{section.10.2}
\BOOKMARK [1][-]{section.10.3}{10.3 Drivers}{chapter.10}
\BOOKMARK [2][-]{subsection.10.3.1}{10.3.1 Polling TTY driver}{section.10.3}
\BOOKMARK [2][-]{subsection.10.3.2}{10.3.2 Interrupt driven TTY driver}{section.10.3}
\BOOKMARK [2][-]{subsection.10.3.3}{10.3.3 Network driver}{section.10.3}
\BOOKMARK [2][-]{subsection.10.3.4}{10.3.4 Disk driver}{section.10.3}
\BOOKMARK [2][-]{subsection.10.3.5}{10.3.5 Timer driver}{section.10.3}
\BOOKMARK [2][-]{subsection.10.3.6}{10.3.6 Metadevice Drivers}{section.10.3}
\BOOKMARK [1][-]{section*.160}{Exercises}{chapter.10}
\BOOKMARK [0][-]{chapter.11}{11 Booting and Initializing Hardware}{}
\BOOKMARK [1][-]{section.11.1}{11.1 In the Beginning There was \137boot.S \203}{chapter.11}
\BOOKMARK [1][-]{section.11.2}{11.2 Hardware and Kernel Initialization}{chapter.11}
\BOOKMARK [1][-]{section.11.3}{11.3 System Start-up}{chapter.11}
\BOOKMARK [0][-]{appendix.A}{A Kernel Boot Arguments}{}
\BOOKMARK [0][-]{appendix.B}{B Kernel Configuration Settings}{}
\BOOKMARK [0][-]{appendix.C}{C Example YAMS Configurations}{}
\BOOKMARK [1][-]{section.C.1}{C.1 Disk}{appendix.C}
\BOOKMARK [0][-]{section*.177}{Bibliography}{}
\BOOKMARK [0][-]{section*.179}{Index}{}
